QuestaSim-64 vlog 2021.2_1 Compiler 2021.05 May 15 2021
Start time: 17:37:17 on Sep 08,2025
vlog -sv "+cover=bcesft" "+acc" -f filelists.f 
-- Compiling package apb_m_pkg
-- Importing package mtiUvm.uvm_pkg (uvm-1.1d Built-in)
** Note: (vlog-2286) ../env/apb_m_pkg.sv(6): Using implicit +incdir+/home/shared_folder/questasim/uvm-1.1d/../verilog_src/uvm-1.1d/src from import uvm_pkg
-- Compiling package apb_m_pkg
** Warning: ** while parsing file included at ../env/testbench.sv(3)
** at ../env/apb_m_pkg.sv(2): (vlog-2275) Existing package 'apb_m_pkg' at line 2 will be overwritten.
-- Compiling interface apb_if
-- Compiling module testbench
-- Importing package apb_m_pkg
-- Compiling module apb_slave
-- Compiling module clear_irq_block
-- Compiling module enable_write
-- Compiling module encoder_256_8
-- Compiling module interrupt_registers
-- Compiling module interrupt_request_output
-- Compiling module interrupt_top
-- Compiling module IRQ_function
-- Compiling module IRQn_input_unit
-- Compiling module low_level_detector
-- Compiling module max_comparator_block
-- Compiling module max_priority_block
-- Compiling module comparator_greater
-- Compiling module mux_256_1
-- Compiling module negedge_detector
-- Compiling module NMI_input_unit
-- Compiling module out_reg
-- Compiling module parity_check_ODD
-- Compiling module posedge_detector
-- Compiling module priority_default_block
-- Compiling module priority_determination
-- Compiling module select_mode

Top level modules:
	testbench
End time: 17:37:18 on Sep 08,2025, Elapsed time: 0:00:01
Errors: 0, Warnings: 1
